\BOOKMARK [0][-]{chapter.1}{\376\377\000M\000a\000i\000n\000\040\000P\000a\000g\000e}{}% 1
\BOOKMARK [1][-]{section.1.1}{\376\377\000I\000n\000t\000r\000o\000d\000u\000c\000t\000i\000o\000n}{chapter.1}% 2
\BOOKMARK [1][-]{section.1.2}{\376\377\000R\000e\000s\000u\000l\000t\000s}{chapter.1}% 3
\BOOKMARK [0][-]{chapter.2}{\376\377\000T\000o\000d\000o\000\040\000L\000i\000s\000t}{}% 4
\BOOKMARK [0][-]{chapter.3}{\376\377\000D\000a\000t\000a\000\040\000S\000t\000r\000u\000c\000t\000u\000r\000e\000\040\000I\000n\000d\000e\000x}{}% 5
\BOOKMARK [1][-]{section.3.1}{\376\377\000D\000a\000t\000a\000\040\000S\000t\000r\000u\000c\000t\000u\000r\000e\000s}{chapter.3}% 6
\BOOKMARK [0][-]{chapter.4}{\376\377\000F\000i\000l\000e\000\040\000I\000n\000d\000e\000x}{}% 7
\BOOKMARK [1][-]{section.4.1}{\376\377\000F\000i\000l\000e\000\040\000L\000i\000s\000t}{chapter.4}% 8
\BOOKMARK [0][-]{chapter.5}{\376\377\000D\000a\000t\000a\000\040\000S\000t\000r\000u\000c\000t\000u\000r\000e\000\040\000D\000o\000c\000u\000m\000e\000n\000t\000a\000t\000i\000o\000n}{}% 9
\BOOKMARK [1][-]{section.5.1}{\376\377\000O\000p\000e\000n\000C\000L\000I\000n\000s\000t\000a\000n\000c\000e\000\040\000S\000t\000r\000u\000c\000t\000\040\000R\000e\000f\000e\000r\000e\000n\000c\000e}{chapter.5}% 10
\BOOKMARK [2][-]{subsection.5.1.1}{\376\377\000D\000e\000t\000a\000i\000l\000e\000d\000\040\000D\000e\000s\000c\000r\000i\000p\000t\000i\000o\000n}{section.5.1}% 11
\BOOKMARK [2][-]{subsection.5.1.2}{\376\377\000F\000i\000e\000l\000d\000\040\000D\000o\000c\000u\000m\000e\000n\000t\000a\000t\000i\000o\000n}{section.5.1}% 12
\BOOKMARK [3][-]{subsubsection.5.1.2.1}{\376\377\000c\000o\000m\000m\000a\000n\000d\000s}{subsection.5.1.2}% 13
\BOOKMARK [3][-]{subsubsection.5.1.2.2}{\376\377\000c\000o\000n\000t\000e\000x\000t}{subsection.5.1.2}% 14
\BOOKMARK [3][-]{subsubsection.5.1.2.3}{\376\377\000d\000\137\000u\0001}{subsection.5.1.2}% 15
\BOOKMARK [3][-]{subsubsection.5.1.2.4}{\376\377\000d\000\137\000u\0002}{subsection.5.1.2}% 16
\BOOKMARK [3][-]{subsubsection.5.1.2.5}{\376\377\000d\000e\000v\000i\000c\000e\000\137\000i\000d}{subsection.5.1.2}% 17
\BOOKMARK [3][-]{subsubsection.5.1.2.6}{\376\377\000j\000a\000c\000o\000b\000i\000\137\000o\000c\000l}{subsection.5.1.2}% 18
\BOOKMARK [3][-]{subsubsection.5.1.2.7}{\376\377\000p\000r\000o\000g\000r\000a\000m}{subsection.5.1.2}% 19
\BOOKMARK [3][-]{subsubsection.5.1.2.8}{\376\377\000x\000D\000i\000m}{subsection.5.1.2}% 20
\BOOKMARK [3][-]{subsubsection.5.1.2.9}{\376\377\000y\000D\000i\000m}{subsection.5.1.2}% 21
\BOOKMARK [3][-]{subsubsection.5.1.2.10}{\376\377\000z\000D\000i\000m}{subsection.5.1.2}% 22
\BOOKMARK [0][-]{chapter.6}{\376\377\000F\000i\000l\000e\000\040\000D\000o\000c\000u\000m\000e\000n\000t\000a\000t\000i\000o\000n}{}% 23
\BOOKMARK [1][-]{section.6.1}{\376\377\000j\000a\000c\000o\000b\000i\000\137\000o\000p\000e\000n\000c\000l\000.\000c\000\040\000F\000i\000l\000e\000\040\000R\000e\000f\000e\000r\000e\000n\000c\000e}{chapter.6}% 24
\BOOKMARK [2][-]{subsection.6.1.1}{\376\377\000D\000e\000t\000a\000i\000l\000e\000d\000\040\000D\000e\000s\000c\000r\000i\000p\000t\000i\000o\000n}{section.6.1}% 25
\BOOKMARK [2][-]{subsection.6.1.2}{\376\377\000M\000a\000c\000r\000o\000\040\000D\000e\000f\000i\000n\000i\000t\000i\000o\000n\000\040\000D\000o\000c\000u\000m\000e\000n\000t\000a\000t\000i\000o\000n}{section.6.1}% 26
\BOOKMARK [3][-]{subsubsection.6.1.2.1}{\376\377\000D\000E\000V\000I\000C\000E}{subsection.6.1.2}% 27
\BOOKMARK [2][-]{subsection.6.1.3}{\376\377\000F\000u\000n\000c\000t\000i\000o\000n\000\040\000D\000o\000c\000u\000m\000e\000n\000t\000a\000t\000i\000o\000n}{section.6.1}% 28
\BOOKMARK [3][-]{subsubsection.6.1.3.1}{\376\377\000e\000r\000r\000\137\000c\000o\000d\000e}{subsection.6.1.3}% 29
\BOOKMARK [3][-]{subsubsection.6.1.3.2}{\376\377\000O\000p\000e\000n\000C\000L\000\137\000J\000a\000c\000o\000b\000i}{subsection.6.1.3}% 30
\BOOKMARK [3][-]{subsubsection.6.1.3.3}{\376\377\000O\000p\000e\000n\000C\000L\000\137\000J\000a\000c\000o\000b\000i\000\137\000I\000t\000e\000r\000a\000t\000i\000o\000n}{subsection.6.1.3}% 31
\BOOKMARK [3][-]{subsubsection.6.1.3.4}{\376\377\000o\000u\000t\000p\000u\000t\000\137\000d\000e\000v\000i\000c\000e\000\137\000i\000n\000f\000o}{subsection.6.1.3}% 32
\BOOKMARK [1][-]{section.6.2}{\376\377\000j\000a\000c\000o\000b\000i\000\137\000o\000p\000e\000n\000c\000l\000.\000h\000\040\000F\000i\000l\000e\000\040\000R\000e\000f\000e\000r\000e\000n\000c\000e}{chapter.6}% 33
\BOOKMARK [2][-]{subsection.6.2.1}{\376\377\000D\000e\000t\000a\000i\000l\000e\000d\000\040\000D\000e\000s\000c\000r\000i\000p\000t\000i\000o\000n}{section.6.2}% 34
\BOOKMARK [2][-]{subsection.6.2.2}{\376\377\000F\000u\000n\000c\000t\000i\000o\000n\000\040\000D\000o\000c\000u\000m\000e\000n\000t\000a\000t\000i\000o\000n}{section.6.2}% 35
\BOOKMARK [3][-]{subsubsection.6.2.2.1}{\376\377\000O\000p\000e\000n\000C\000L\000\137\000J\000a\000c\000o\000b\000i}{subsection.6.2.2}% 36
\BOOKMARK [3][-]{subsubsection.6.2.2.2}{\376\377\000O\000p\000e\000n\000C\000L\000\137\000J\000a\000c\000o\000b\000i\000\137\000I\000t\000e\000r\000a\000t\000i\000o\000n}{subsection.6.2.2}% 37
\BOOKMARK [1][-]{section.6.3}{\376\377\000j\000a\000c\000o\000b\000i\000\137\000r\000e\000l\000a\000x\000a\000t\000i\000o\000n\000\137\000o\000c\000l\000.\000c\000l\000\040\000F\000i\000l\000e\000\040\000R\000e\000f\000e\000r\000e\000n\000c\000e}{chapter.6}% 38
\BOOKMARK [2][-]{subsection.6.3.1}{\376\377\000D\000e\000t\000a\000i\000l\000e\000d\000\040\000D\000e\000s\000c\000r\000i\000p\000t\000i\000o\000n}{section.6.3}% 39
\BOOKMARK [2][-]{subsection.6.3.2}{\376\377\000F\000u\000n\000c\000t\000i\000o\000n\000\040\000D\000o\000c\000u\000m\000e\000n\000t\000a\000t\000i\000o\000n}{section.6.3}% 40
\BOOKMARK [3][-]{subsubsection.6.3.2.1}{\376\377\000j\000a\000c\000o\000b\000i\000\137\000r\000e\000l\000a\000x\000a\000t\000i\000o\000n\000\137\000o\000c\000l}{subsection.6.3.2}% 41
